ARM GAS  /tmp/ccoMjZX6.s 			page 1


   1              		.cpu cortex-m4
   2              		.arch armv7e-m
   3              		.fpu fpv4-sp-d16
   4              		.eabi_attribute 27, 1
   5              		.eabi_attribute 28, 1
   6              		.eabi_attribute 20, 1
   7              		.eabi_attribute 21, 1
   8              		.eabi_attribute 23, 3
   9              		.eabi_attribute 24, 1
  10              		.eabi_attribute 25, 1
  11              		.eabi_attribute 26, 1
  12              		.eabi_attribute 30, 1
  13              		.eabi_attribute 34, 1
  14              		.eabi_attribute 18, 4
  15              		.file	"main.c"
  16              		.text
  17              	.Ltext0:
  18              		.cfi_sections	.debug_frame
  19              		.section	.text.MX_GPIO_Init,"ax",%progbits
  20              		.align	1
  21              		.syntax unified
  22              		.thumb
  23              		.thumb_func
  25              	MX_GPIO_Init:
  26              	.LFB132:
  27              		.file 1 "Src/main.c"
   1:Src/main.c    **** /* USER CODE BEGIN Header */
   2:Src/main.c    **** /**
   3:Src/main.c    ****   ******************************************************************************
   4:Src/main.c    ****   * @file           : main.c
   5:Src/main.c    ****   * @brief          : Main program body
   6:Src/main.c    ****   ******************************************************************************
   7:Src/main.c    ****   * @attention
   8:Src/main.c    ****   *
   9:Src/main.c    ****   * Copyright (c) 2023 STMicroelectronics.
  10:Src/main.c    ****   * All rights reserved.
  11:Src/main.c    ****   *
  12:Src/main.c    ****   * This software is licensed under terms that can be found in the LICENSE file
  13:Src/main.c    ****   * in the root directory of this software component.
  14:Src/main.c    ****   * If no LICENSE file comes with this software, it is provided AS-IS.
  15:Src/main.c    ****   *
  16:Src/main.c    ****   ******************************************************************************
  17:Src/main.c    ****   */
  18:Src/main.c    **** /* USER CODE END Header */
  19:Src/main.c    **** /* Includes ------------------------------------------------------------------*/
  20:Src/main.c    **** #include "main.h"
  21:Src/main.c    **** 
  22:Src/main.c    **** /* Private includes ----------------------------------------------------------*/
  23:Src/main.c    **** /* USER CODE BEGIN Includes */
  24:Src/main.c    **** 
  25:Src/main.c    **** /* USER CODE END Includes */
  26:Src/main.c    **** 
  27:Src/main.c    **** /* Private typedef -----------------------------------------------------------*/
  28:Src/main.c    **** /* USER CODE BEGIN PTD */
  29:Src/main.c    **** 
  30:Src/main.c    **** /* USER CODE END PTD */
  31:Src/main.c    **** 
ARM GAS  /tmp/ccoMjZX6.s 			page 2


  32:Src/main.c    **** /* Private define ------------------------------------------------------------*/
  33:Src/main.c    **** /* USER CODE BEGIN PD */
  34:Src/main.c    **** /* USER CODE END PD */
  35:Src/main.c    **** 
  36:Src/main.c    **** /* Private macro -------------------------------------------------------------*/
  37:Src/main.c    **** /* USER CODE BEGIN PM */
  38:Src/main.c    **** 
  39:Src/main.c    **** /* USER CODE END PM */
  40:Src/main.c    **** 
  41:Src/main.c    **** /* Private variables ---------------------------------------------------------*/
  42:Src/main.c    **** 
  43:Src/main.c    **** /* USER CODE BEGIN PV */
  44:Src/main.c    **** 
  45:Src/main.c    **** /* USER CODE END PV */
  46:Src/main.c    **** 
  47:Src/main.c    **** /* Private function prototypes -----------------------------------------------*/
  48:Src/main.c    **** void SystemClock_Config(void);
  49:Src/main.c    **** static void MX_GPIO_Init(void);
  50:Src/main.c    **** /* USER CODE BEGIN PFP */
  51:Src/main.c    **** 
  52:Src/main.c    **** /* USER CODE END PFP */
  53:Src/main.c    **** 
  54:Src/main.c    **** /* Private user code ---------------------------------------------------------*/
  55:Src/main.c    **** /* USER CODE BEGIN 0 */
  56:Src/main.c    **** 
  57:Src/main.c    **** /* USER CODE END 0 */
  58:Src/main.c    **** 
  59:Src/main.c    **** /**
  60:Src/main.c    ****   * @brief  The application entry point.
  61:Src/main.c    ****   * @retval int
  62:Src/main.c    ****   */
  63:Src/main.c    **** int main(void)
  64:Src/main.c    **** {
  65:Src/main.c    ****   /* USER CODE BEGIN 1 */
  66:Src/main.c    **** 
  67:Src/main.c    ****   /* USER CODE END 1 */
  68:Src/main.c    **** 
  69:Src/main.c    ****   /* MCU Configuration--------------------------------------------------------*/
  70:Src/main.c    **** 
  71:Src/main.c    ****   /* Reset of all peripherals, Initializes the Flash interface and the Systick. */
  72:Src/main.c    ****   HAL_Init();
  73:Src/main.c    **** 
  74:Src/main.c    ****   /* USER CODE BEGIN Init */
  75:Src/main.c    **** 
  76:Src/main.c    ****   /* USER CODE END Init */
  77:Src/main.c    **** 
  78:Src/main.c    ****   /* Configure the system clock */
  79:Src/main.c    ****   SystemClock_Config();
  80:Src/main.c    **** 
  81:Src/main.c    ****   /* USER CODE BEGIN SysInit */
  82:Src/main.c    **** 
  83:Src/main.c    ****   /* USER CODE END SysInit */
  84:Src/main.c    **** 
  85:Src/main.c    ****   /* Initialize all configured peripherals */
  86:Src/main.c    ****   MX_GPIO_Init();
  87:Src/main.c    ****   /* USER CODE BEGIN 2 */
  88:Src/main.c    **** 
ARM GAS  /tmp/ccoMjZX6.s 			page 3


  89:Src/main.c    ****   /* USER CODE END 2 */
  90:Src/main.c    **** 
  91:Src/main.c    ****   /* Infinite loop */
  92:Src/main.c    ****   /* USER CODE BEGIN WHILE */
  93:Src/main.c    ****   while (1)
  94:Src/main.c    ****   {
  95:Src/main.c    ****     /* USER CODE END WHILE */
  96:Src/main.c    **** 
  97:Src/main.c    ****     /* USER CODE BEGIN 3 */
  98:Src/main.c    ****     HAL_GPIO_TogglePin(GPIOA, GPIO_PIN_1);
  99:Src/main.c    ****     HAL_Delay(1000);
 100:Src/main.c    ****   }
 101:Src/main.c    ****   /* USER CODE END 3 */
 102:Src/main.c    **** }
 103:Src/main.c    **** 
 104:Src/main.c    **** /**
 105:Src/main.c    ****   * @brief System Clock Configuration
 106:Src/main.c    ****   * @retval None
 107:Src/main.c    ****   */
 108:Src/main.c    **** void SystemClock_Config(void)
 109:Src/main.c    **** {
 110:Src/main.c    ****   RCC_OscInitTypeDef RCC_OscInitStruct = {0};
 111:Src/main.c    ****   RCC_ClkInitTypeDef RCC_ClkInitStruct = {0};
 112:Src/main.c    **** 
 113:Src/main.c    ****   /** Configure the main internal regulator output voltage
 114:Src/main.c    ****   */
 115:Src/main.c    ****   __HAL_RCC_PWR_CLK_ENABLE();
 116:Src/main.c    ****   __HAL_PWR_VOLTAGESCALING_CONFIG(PWR_REGULATOR_VOLTAGE_SCALE1);
 117:Src/main.c    **** 
 118:Src/main.c    ****   /** Initializes the RCC Oscillators according to the specified parameters
 119:Src/main.c    ****   * in the RCC_OscInitTypeDef structure.
 120:Src/main.c    ****   */
 121:Src/main.c    ****   RCC_OscInitStruct.OscillatorType = RCC_OSCILLATORTYPE_HSE;
 122:Src/main.c    ****   RCC_OscInitStruct.HSEState = RCC_HSE_ON;
 123:Src/main.c    ****   RCC_OscInitStruct.PLL.PLLState = RCC_PLL_ON;
 124:Src/main.c    ****   RCC_OscInitStruct.PLL.PLLSource = RCC_PLLSOURCE_HSE;
 125:Src/main.c    ****   RCC_OscInitStruct.PLL.PLLM = 4;
 126:Src/main.c    ****   RCC_OscInitStruct.PLL.PLLN = 168;
 127:Src/main.c    ****   RCC_OscInitStruct.PLL.PLLP = RCC_PLLP_DIV2;
 128:Src/main.c    ****   RCC_OscInitStruct.PLL.PLLQ = 4;
 129:Src/main.c    ****   if (HAL_RCC_OscConfig(&RCC_OscInitStruct) != HAL_OK)
 130:Src/main.c    ****   {
 131:Src/main.c    ****     Error_Handler();
 132:Src/main.c    ****   }
 133:Src/main.c    **** 
 134:Src/main.c    ****   /** Initializes the CPU, AHB and APB buses clocks
 135:Src/main.c    ****   */
 136:Src/main.c    ****   RCC_ClkInitStruct.ClockType = RCC_CLOCKTYPE_HCLK|RCC_CLOCKTYPE_SYSCLK
 137:Src/main.c    ****                               |RCC_CLOCKTYPE_PCLK1|RCC_CLOCKTYPE_PCLK2;
 138:Src/main.c    ****   RCC_ClkInitStruct.SYSCLKSource = RCC_SYSCLKSOURCE_PLLCLK;
 139:Src/main.c    ****   RCC_ClkInitStruct.AHBCLKDivider = RCC_SYSCLK_DIV1;
 140:Src/main.c    ****   RCC_ClkInitStruct.APB1CLKDivider = RCC_HCLK_DIV4;
 141:Src/main.c    ****   RCC_ClkInitStruct.APB2CLKDivider = RCC_HCLK_DIV2;
 142:Src/main.c    **** 
 143:Src/main.c    ****   if (HAL_RCC_ClockConfig(&RCC_ClkInitStruct, FLASH_LATENCY_5) != HAL_OK)
 144:Src/main.c    ****   {
 145:Src/main.c    ****     Error_Handler();
ARM GAS  /tmp/ccoMjZX6.s 			page 4


 146:Src/main.c    ****   }
 147:Src/main.c    **** }
 148:Src/main.c    **** 
 149:Src/main.c    **** /**
 150:Src/main.c    ****   * @brief GPIO Initialization Function
 151:Src/main.c    ****   * @param None
 152:Src/main.c    ****   * @retval None
 153:Src/main.c    ****   */
 154:Src/main.c    **** static void MX_GPIO_Init(void)
 155:Src/main.c    **** {
  28              		.loc 1 155 1 view -0
  29              		.cfi_startproc
  30              		@ args = 0, pretend = 0, frame = 40
  31              		@ frame_needed = 0, uses_anonymous_args = 0
  32 0000 70B5     		push	{r4, r5, r6, lr}
  33              	.LCFI0:
  34              		.cfi_def_cfa_offset 16
  35              		.cfi_offset 4, -16
  36              		.cfi_offset 5, -12
  37              		.cfi_offset 6, -8
  38              		.cfi_offset 14, -4
  39 0002 8AB0     		sub	sp, sp, #40
  40              	.LCFI1:
  41              		.cfi_def_cfa_offset 56
 156:Src/main.c    ****   GPIO_InitTypeDef GPIO_InitStruct = {0};
  42              		.loc 1 156 3 view .LVU1
  43              		.loc 1 156 20 is_stmt 0 view .LVU2
  44 0004 0024     		movs	r4, #0
  45 0006 0594     		str	r4, [sp, #20]
  46 0008 0694     		str	r4, [sp, #24]
  47 000a 0794     		str	r4, [sp, #28]
  48 000c 0894     		str	r4, [sp, #32]
  49 000e 0994     		str	r4, [sp, #36]
 157:Src/main.c    **** 
 158:Src/main.c    ****   /* GPIO Ports Clock Enable */
 159:Src/main.c    ****   __HAL_RCC_GPIOC_CLK_ENABLE();
  50              		.loc 1 159 3 is_stmt 1 view .LVU3
  51              	.LBB4:
  52              		.loc 1 159 3 view .LVU4
  53 0010 0194     		str	r4, [sp, #4]
  54              		.loc 1 159 3 view .LVU5
  55 0012 204B     		ldr	r3, .L3
  56 0014 1A6B     		ldr	r2, [r3, #48]
  57 0016 42F00402 		orr	r2, r2, #4
  58 001a 1A63     		str	r2, [r3, #48]
  59              		.loc 1 159 3 view .LVU6
  60 001c 1A6B     		ldr	r2, [r3, #48]
  61 001e 02F00402 		and	r2, r2, #4
  62 0022 0192     		str	r2, [sp, #4]
  63              		.loc 1 159 3 view .LVU7
  64 0024 019A     		ldr	r2, [sp, #4]
  65              	.LBE4:
  66              		.loc 1 159 3 view .LVU8
 160:Src/main.c    ****   __HAL_RCC_GPIOH_CLK_ENABLE();
  67              		.loc 1 160 3 view .LVU9
  68              	.LBB5:
  69              		.loc 1 160 3 view .LVU10
ARM GAS  /tmp/ccoMjZX6.s 			page 5


  70 0026 0294     		str	r4, [sp, #8]
  71              		.loc 1 160 3 view .LVU11
  72 0028 1A6B     		ldr	r2, [r3, #48]
  73 002a 42F08002 		orr	r2, r2, #128
  74 002e 1A63     		str	r2, [r3, #48]
  75              		.loc 1 160 3 view .LVU12
  76 0030 1A6B     		ldr	r2, [r3, #48]
  77 0032 02F08002 		and	r2, r2, #128
  78 0036 0292     		str	r2, [sp, #8]
  79              		.loc 1 160 3 view .LVU13
  80 0038 029A     		ldr	r2, [sp, #8]
  81              	.LBE5:
  82              		.loc 1 160 3 view .LVU14
 161:Src/main.c    ****   __HAL_RCC_GPIOA_CLK_ENABLE();
  83              		.loc 1 161 3 view .LVU15
  84              	.LBB6:
  85              		.loc 1 161 3 view .LVU16
  86 003a 0394     		str	r4, [sp, #12]
  87              		.loc 1 161 3 view .LVU17
  88 003c 1A6B     		ldr	r2, [r3, #48]
  89 003e 42F00102 		orr	r2, r2, #1
  90 0042 1A63     		str	r2, [r3, #48]
  91              		.loc 1 161 3 view .LVU18
  92 0044 1A6B     		ldr	r2, [r3, #48]
  93 0046 02F00102 		and	r2, r2, #1
  94 004a 0392     		str	r2, [sp, #12]
  95              		.loc 1 161 3 view .LVU19
  96 004c 039A     		ldr	r2, [sp, #12]
  97              	.LBE6:
  98              		.loc 1 161 3 view .LVU20
 162:Src/main.c    ****   __HAL_RCC_GPIOB_CLK_ENABLE();
  99              		.loc 1 162 3 view .LVU21
 100              	.LBB7:
 101              		.loc 1 162 3 view .LVU22
 102 004e 0494     		str	r4, [sp, #16]
 103              		.loc 1 162 3 view .LVU23
 104 0050 1A6B     		ldr	r2, [r3, #48]
 105 0052 42F00202 		orr	r2, r2, #2
 106 0056 1A63     		str	r2, [r3, #48]
 107              		.loc 1 162 3 view .LVU24
 108 0058 1B6B     		ldr	r3, [r3, #48]
 109 005a 03F00203 		and	r3, r3, #2
 110 005e 0493     		str	r3, [sp, #16]
 111              		.loc 1 162 3 view .LVU25
 112 0060 049B     		ldr	r3, [sp, #16]
 113              	.LBE7:
 114              		.loc 1 162 3 view .LVU26
 163:Src/main.c    **** 
 164:Src/main.c    ****   /*Configure GPIO pin Output Level */
 165:Src/main.c    ****   HAL_GPIO_WritePin(LED_BUILTIN_GPIO_Port, LED_BUILTIN_Pin, GPIO_PIN_RESET);
 115              		.loc 1 165 3 view .LVU27
 116 0062 0D4D     		ldr	r5, .L3+4
 117 0064 2246     		mov	r2, r4
 118 0066 0221     		movs	r1, #2
 119 0068 2846     		mov	r0, r5
 120 006a FFF7FEFF 		bl	HAL_GPIO_WritePin
 121              	.LVL0:
ARM GAS  /tmp/ccoMjZX6.s 			page 6


 166:Src/main.c    **** 
 167:Src/main.c    ****   /*Configure GPIO pin : BUTTON_BUILTIN_Pin */
 168:Src/main.c    ****   GPIO_InitStruct.Pin = BUTTON_BUILTIN_Pin;
 122              		.loc 1 168 3 view .LVU28
 123              		.loc 1 168 23 is_stmt 0 view .LVU29
 124 006e 0126     		movs	r6, #1
 125 0070 0596     		str	r6, [sp, #20]
 169:Src/main.c    ****   GPIO_InitStruct.Mode = GPIO_MODE_INPUT;
 126              		.loc 1 169 3 is_stmt 1 view .LVU30
 127              		.loc 1 169 24 is_stmt 0 view .LVU31
 128 0072 0694     		str	r4, [sp, #24]
 170:Src/main.c    ****   GPIO_InitStruct.Pull = GPIO_NOPULL;
 129              		.loc 1 170 3 is_stmt 1 view .LVU32
 130              		.loc 1 170 24 is_stmt 0 view .LVU33
 131 0074 0794     		str	r4, [sp, #28]
 171:Src/main.c    ****   HAL_GPIO_Init(BUTTON_BUILTIN_GPIO_Port, &GPIO_InitStruct);
 132              		.loc 1 171 3 is_stmt 1 view .LVU34
 133 0076 05A9     		add	r1, sp, #20
 134 0078 2846     		mov	r0, r5
 135 007a FFF7FEFF 		bl	HAL_GPIO_Init
 136              	.LVL1:
 172:Src/main.c    **** 
 173:Src/main.c    ****   /*Configure GPIO pin : LED_BUILTIN_Pin */
 174:Src/main.c    ****   GPIO_InitStruct.Pin = LED_BUILTIN_Pin;
 137              		.loc 1 174 3 view .LVU35
 138              		.loc 1 174 23 is_stmt 0 view .LVU36
 139 007e 0223     		movs	r3, #2
 140 0080 0593     		str	r3, [sp, #20]
 175:Src/main.c    ****   GPIO_InitStruct.Mode = GPIO_MODE_OUTPUT_PP;
 141              		.loc 1 175 3 is_stmt 1 view .LVU37
 142              		.loc 1 175 24 is_stmt 0 view .LVU38
 143 0082 0696     		str	r6, [sp, #24]
 176:Src/main.c    ****   GPIO_InitStruct.Pull = GPIO_NOPULL;
 144              		.loc 1 176 3 is_stmt 1 view .LVU39
 145              		.loc 1 176 24 is_stmt 0 view .LVU40
 146 0084 0794     		str	r4, [sp, #28]
 177:Src/main.c    ****   GPIO_InitStruct.Speed = GPIO_SPEED_FREQ_LOW;
 147              		.loc 1 177 3 is_stmt 1 view .LVU41
 148              		.loc 1 177 25 is_stmt 0 view .LVU42
 149 0086 0894     		str	r4, [sp, #32]
 178:Src/main.c    ****   HAL_GPIO_Init(LED_BUILTIN_GPIO_Port, &GPIO_InitStruct);
 150              		.loc 1 178 3 is_stmt 1 view .LVU43
 151 0088 05A9     		add	r1, sp, #20
 152 008a 2846     		mov	r0, r5
 153 008c FFF7FEFF 		bl	HAL_GPIO_Init
 154              	.LVL2:
 179:Src/main.c    **** 
 180:Src/main.c    **** }
 155              		.loc 1 180 1 is_stmt 0 view .LVU44
 156 0090 0AB0     		add	sp, sp, #40
 157              	.LCFI2:
 158              		.cfi_def_cfa_offset 16
 159              		@ sp needed
 160 0092 70BD     		pop	{r4, r5, r6, pc}
 161              	.L4:
 162              		.align	2
 163              	.L3:
ARM GAS  /tmp/ccoMjZX6.s 			page 7


 164 0094 00380240 		.word	1073887232
 165 0098 00000240 		.word	1073872896
 166              		.cfi_endproc
 167              	.LFE132:
 169              		.section	.text.Error_Handler,"ax",%progbits
 170              		.align	1
 171              		.global	Error_Handler
 172              		.syntax unified
 173              		.thumb
 174              		.thumb_func
 176              	Error_Handler:
 177              	.LFB133:
 181:Src/main.c    **** 
 182:Src/main.c    **** /* USER CODE BEGIN 4 */
 183:Src/main.c    **** 
 184:Src/main.c    **** /* USER CODE END 4 */
 185:Src/main.c    **** 
 186:Src/main.c    **** /**
 187:Src/main.c    ****   * @brief  This function is executed in case of error occurrence.
 188:Src/main.c    ****   * @retval None
 189:Src/main.c    ****   */
 190:Src/main.c    **** void Error_Handler(void)
 191:Src/main.c    **** {
 178              		.loc 1 191 1 is_stmt 1 view -0
 179              		.cfi_startproc
 180              		@ Volatile: function does not return.
 181              		@ args = 0, pretend = 0, frame = 0
 182              		@ frame_needed = 0, uses_anonymous_args = 0
 183              		@ link register save eliminated.
 192:Src/main.c    ****   /* USER CODE BEGIN Error_Handler_Debug */
 193:Src/main.c    ****   /* User can add his own implementation to report the HAL error return state */
 194:Src/main.c    ****   __disable_irq();
 184              		.loc 1 194 3 view .LVU46
 185              	.LBB8:
 186              	.LBI8:
 187              		.file 2 "Drivers/CMSIS/Include/cmsis_gcc.h"
   1:Drivers/CMSIS/Include/cmsis_gcc.h **** /**************************************************************************//**
   2:Drivers/CMSIS/Include/cmsis_gcc.h ****  * @file     cmsis_gcc.h
   3:Drivers/CMSIS/Include/cmsis_gcc.h ****  * @brief    CMSIS compiler GCC header file
   4:Drivers/CMSIS/Include/cmsis_gcc.h ****  * @version  V5.0.4
   5:Drivers/CMSIS/Include/cmsis_gcc.h ****  * @date     09. April 2018
   6:Drivers/CMSIS/Include/cmsis_gcc.h ****  ******************************************************************************/
   7:Drivers/CMSIS/Include/cmsis_gcc.h **** /*
   8:Drivers/CMSIS/Include/cmsis_gcc.h ****  * Copyright (c) 2009-2018 Arm Limited. All rights reserved.
   9:Drivers/CMSIS/Include/cmsis_gcc.h ****  *
  10:Drivers/CMSIS/Include/cmsis_gcc.h ****  * SPDX-License-Identifier: Apache-2.0
  11:Drivers/CMSIS/Include/cmsis_gcc.h ****  *
  12:Drivers/CMSIS/Include/cmsis_gcc.h ****  * Licensed under the Apache License, Version 2.0 (the License); you may
  13:Drivers/CMSIS/Include/cmsis_gcc.h ****  * not use this file except in compliance with the License.
  14:Drivers/CMSIS/Include/cmsis_gcc.h ****  * You may obtain a copy of the License at
  15:Drivers/CMSIS/Include/cmsis_gcc.h ****  *
  16:Drivers/CMSIS/Include/cmsis_gcc.h ****  * www.apache.org/licenses/LICENSE-2.0
  17:Drivers/CMSIS/Include/cmsis_gcc.h ****  *
  18:Drivers/CMSIS/Include/cmsis_gcc.h ****  * Unless required by applicable law or agreed to in writing, software
  19:Drivers/CMSIS/Include/cmsis_gcc.h ****  * distributed under the License is distributed on an AS IS BASIS, WITHOUT
  20:Drivers/CMSIS/Include/cmsis_gcc.h ****  * WARRANTIES OR CONDITIONS OF ANY KIND, either express or implied.
  21:Drivers/CMSIS/Include/cmsis_gcc.h ****  * See the License for the specific language governing permissions and
ARM GAS  /tmp/ccoMjZX6.s 			page 8


  22:Drivers/CMSIS/Include/cmsis_gcc.h ****  * limitations under the License.
  23:Drivers/CMSIS/Include/cmsis_gcc.h ****  */
  24:Drivers/CMSIS/Include/cmsis_gcc.h **** 
  25:Drivers/CMSIS/Include/cmsis_gcc.h **** #ifndef __CMSIS_GCC_H
  26:Drivers/CMSIS/Include/cmsis_gcc.h **** #define __CMSIS_GCC_H
  27:Drivers/CMSIS/Include/cmsis_gcc.h **** 
  28:Drivers/CMSIS/Include/cmsis_gcc.h **** /* ignore some GCC warnings */
  29:Drivers/CMSIS/Include/cmsis_gcc.h **** #pragma GCC diagnostic push
  30:Drivers/CMSIS/Include/cmsis_gcc.h **** #pragma GCC diagnostic ignored "-Wsign-conversion"
  31:Drivers/CMSIS/Include/cmsis_gcc.h **** #pragma GCC diagnostic ignored "-Wconversion"
  32:Drivers/CMSIS/Include/cmsis_gcc.h **** #pragma GCC diagnostic ignored "-Wunused-parameter"
  33:Drivers/CMSIS/Include/cmsis_gcc.h **** 
  34:Drivers/CMSIS/Include/cmsis_gcc.h **** /* Fallback for __has_builtin */
  35:Drivers/CMSIS/Include/cmsis_gcc.h **** #ifndef __has_builtin
  36:Drivers/CMSIS/Include/cmsis_gcc.h ****   #define __has_builtin(x) (0)
  37:Drivers/CMSIS/Include/cmsis_gcc.h **** #endif
  38:Drivers/CMSIS/Include/cmsis_gcc.h **** 
  39:Drivers/CMSIS/Include/cmsis_gcc.h **** /* CMSIS compiler specific defines */
  40:Drivers/CMSIS/Include/cmsis_gcc.h **** #ifndef   __ASM
  41:Drivers/CMSIS/Include/cmsis_gcc.h ****   #define __ASM                                  __asm
  42:Drivers/CMSIS/Include/cmsis_gcc.h **** #endif
  43:Drivers/CMSIS/Include/cmsis_gcc.h **** #ifndef   __INLINE
  44:Drivers/CMSIS/Include/cmsis_gcc.h ****   #define __INLINE                               inline
  45:Drivers/CMSIS/Include/cmsis_gcc.h **** #endif
  46:Drivers/CMSIS/Include/cmsis_gcc.h **** #ifndef   __STATIC_INLINE
  47:Drivers/CMSIS/Include/cmsis_gcc.h ****   #define __STATIC_INLINE                        static inline
  48:Drivers/CMSIS/Include/cmsis_gcc.h **** #endif
  49:Drivers/CMSIS/Include/cmsis_gcc.h **** #ifndef   __STATIC_FORCEINLINE                 
  50:Drivers/CMSIS/Include/cmsis_gcc.h ****   #define __STATIC_FORCEINLINE                   __attribute__((always_inline)) static inline
  51:Drivers/CMSIS/Include/cmsis_gcc.h **** #endif                                           
  52:Drivers/CMSIS/Include/cmsis_gcc.h **** #ifndef   __NO_RETURN
  53:Drivers/CMSIS/Include/cmsis_gcc.h ****   #define __NO_RETURN                            __attribute__((__noreturn__))
  54:Drivers/CMSIS/Include/cmsis_gcc.h **** #endif
  55:Drivers/CMSIS/Include/cmsis_gcc.h **** #ifndef   __USED
  56:Drivers/CMSIS/Include/cmsis_gcc.h ****   #define __USED                                 __attribute__((used))
  57:Drivers/CMSIS/Include/cmsis_gcc.h **** #endif
  58:Drivers/CMSIS/Include/cmsis_gcc.h **** #ifndef   __WEAK
  59:Drivers/CMSIS/Include/cmsis_gcc.h ****   #define __WEAK                                 __attribute__((weak))
  60:Drivers/CMSIS/Include/cmsis_gcc.h **** #endif
  61:Drivers/CMSIS/Include/cmsis_gcc.h **** #ifndef   __PACKED
  62:Drivers/CMSIS/Include/cmsis_gcc.h ****   #define __PACKED                               __attribute__((packed, aligned(1)))
  63:Drivers/CMSIS/Include/cmsis_gcc.h **** #endif
  64:Drivers/CMSIS/Include/cmsis_gcc.h **** #ifndef   __PACKED_STRUCT
  65:Drivers/CMSIS/Include/cmsis_gcc.h ****   #define __PACKED_STRUCT                        struct __attribute__((packed, aligned(1)))
  66:Drivers/CMSIS/Include/cmsis_gcc.h **** #endif
  67:Drivers/CMSIS/Include/cmsis_gcc.h **** #ifndef   __PACKED_UNION
  68:Drivers/CMSIS/Include/cmsis_gcc.h ****   #define __PACKED_UNION                         union __attribute__((packed, aligned(1)))
  69:Drivers/CMSIS/Include/cmsis_gcc.h **** #endif
  70:Drivers/CMSIS/Include/cmsis_gcc.h **** #ifndef   __UNALIGNED_UINT32        /* deprecated */
  71:Drivers/CMSIS/Include/cmsis_gcc.h ****   #pragma GCC diagnostic push
  72:Drivers/CMSIS/Include/cmsis_gcc.h ****   #pragma GCC diagnostic ignored "-Wpacked"
  73:Drivers/CMSIS/Include/cmsis_gcc.h ****   #pragma GCC diagnostic ignored "-Wattributes"
  74:Drivers/CMSIS/Include/cmsis_gcc.h ****   struct __attribute__((packed)) T_UINT32 { uint32_t v; };
  75:Drivers/CMSIS/Include/cmsis_gcc.h ****   #pragma GCC diagnostic pop
  76:Drivers/CMSIS/Include/cmsis_gcc.h ****   #define __UNALIGNED_UINT32(x)                  (((struct T_UINT32 *)(x))->v)
  77:Drivers/CMSIS/Include/cmsis_gcc.h **** #endif
  78:Drivers/CMSIS/Include/cmsis_gcc.h **** #ifndef   __UNALIGNED_UINT16_WRITE
ARM GAS  /tmp/ccoMjZX6.s 			page 9


  79:Drivers/CMSIS/Include/cmsis_gcc.h ****   #pragma GCC diagnostic push
  80:Drivers/CMSIS/Include/cmsis_gcc.h ****   #pragma GCC diagnostic ignored "-Wpacked"
  81:Drivers/CMSIS/Include/cmsis_gcc.h ****   #pragma GCC diagnostic ignored "-Wattributes"
  82:Drivers/CMSIS/Include/cmsis_gcc.h ****   __PACKED_STRUCT T_UINT16_WRITE { uint16_t v; };
  83:Drivers/CMSIS/Include/cmsis_gcc.h ****   #pragma GCC diagnostic pop
  84:Drivers/CMSIS/Include/cmsis_gcc.h ****   #define __UNALIGNED_UINT16_WRITE(addr, val)    (void)((((struct T_UINT16_WRITE *)(void *)(addr))-
  85:Drivers/CMSIS/Include/cmsis_gcc.h **** #endif
  86:Drivers/CMSIS/Include/cmsis_gcc.h **** #ifndef   __UNALIGNED_UINT16_READ
  87:Drivers/CMSIS/Include/cmsis_gcc.h ****   #pragma GCC diagnostic push
  88:Drivers/CMSIS/Include/cmsis_gcc.h ****   #pragma GCC diagnostic ignored "-Wpacked"
  89:Drivers/CMSIS/Include/cmsis_gcc.h ****   #pragma GCC diagnostic ignored "-Wattributes"
  90:Drivers/CMSIS/Include/cmsis_gcc.h ****   __PACKED_STRUCT T_UINT16_READ { uint16_t v; };
  91:Drivers/CMSIS/Include/cmsis_gcc.h ****   #pragma GCC diagnostic pop
  92:Drivers/CMSIS/Include/cmsis_gcc.h ****   #define __UNALIGNED_UINT16_READ(addr)          (((const struct T_UINT16_READ *)(const void *)(add
  93:Drivers/CMSIS/Include/cmsis_gcc.h **** #endif
  94:Drivers/CMSIS/Include/cmsis_gcc.h **** #ifndef   __UNALIGNED_UINT32_WRITE
  95:Drivers/CMSIS/Include/cmsis_gcc.h ****   #pragma GCC diagnostic push
  96:Drivers/CMSIS/Include/cmsis_gcc.h ****   #pragma GCC diagnostic ignored "-Wpacked"
  97:Drivers/CMSIS/Include/cmsis_gcc.h ****   #pragma GCC diagnostic ignored "-Wattributes"
  98:Drivers/CMSIS/Include/cmsis_gcc.h ****   __PACKED_STRUCT T_UINT32_WRITE { uint32_t v; };
  99:Drivers/CMSIS/Include/cmsis_gcc.h ****   #pragma GCC diagnostic pop
 100:Drivers/CMSIS/Include/cmsis_gcc.h ****   #define __UNALIGNED_UINT32_WRITE(addr, val)    (void)((((struct T_UINT32_WRITE *)(void *)(addr))-
 101:Drivers/CMSIS/Include/cmsis_gcc.h **** #endif
 102:Drivers/CMSIS/Include/cmsis_gcc.h **** #ifndef   __UNALIGNED_UINT32_READ
 103:Drivers/CMSIS/Include/cmsis_gcc.h ****   #pragma GCC diagnostic push
 104:Drivers/CMSIS/Include/cmsis_gcc.h ****   #pragma GCC diagnostic ignored "-Wpacked"
 105:Drivers/CMSIS/Include/cmsis_gcc.h ****   #pragma GCC diagnostic ignored "-Wattributes"
 106:Drivers/CMSIS/Include/cmsis_gcc.h ****   __PACKED_STRUCT T_UINT32_READ { uint32_t v; };
 107:Drivers/CMSIS/Include/cmsis_gcc.h ****   #pragma GCC diagnostic pop
 108:Drivers/CMSIS/Include/cmsis_gcc.h ****   #define __UNALIGNED_UINT32_READ(addr)          (((const struct T_UINT32_READ *)(const void *)(add
 109:Drivers/CMSIS/Include/cmsis_gcc.h **** #endif
 110:Drivers/CMSIS/Include/cmsis_gcc.h **** #ifndef   __ALIGNED
 111:Drivers/CMSIS/Include/cmsis_gcc.h ****   #define __ALIGNED(x)                           __attribute__((aligned(x)))
 112:Drivers/CMSIS/Include/cmsis_gcc.h **** #endif
 113:Drivers/CMSIS/Include/cmsis_gcc.h **** #ifndef   __RESTRICT
 114:Drivers/CMSIS/Include/cmsis_gcc.h ****   #define __RESTRICT                             __restrict
 115:Drivers/CMSIS/Include/cmsis_gcc.h **** #endif
 116:Drivers/CMSIS/Include/cmsis_gcc.h **** 
 117:Drivers/CMSIS/Include/cmsis_gcc.h **** 
 118:Drivers/CMSIS/Include/cmsis_gcc.h **** /* ###########################  Core Function Access  ########################### */
 119:Drivers/CMSIS/Include/cmsis_gcc.h **** /** \ingroup  CMSIS_Core_FunctionInterface
 120:Drivers/CMSIS/Include/cmsis_gcc.h ****     \defgroup CMSIS_Core_RegAccFunctions CMSIS Core Register Access Functions
 121:Drivers/CMSIS/Include/cmsis_gcc.h ****   @{
 122:Drivers/CMSIS/Include/cmsis_gcc.h ****  */
 123:Drivers/CMSIS/Include/cmsis_gcc.h **** 
 124:Drivers/CMSIS/Include/cmsis_gcc.h **** /**
 125:Drivers/CMSIS/Include/cmsis_gcc.h ****   \brief   Enable IRQ Interrupts
 126:Drivers/CMSIS/Include/cmsis_gcc.h ****   \details Enables IRQ interrupts by clearing the I-bit in the CPSR.
 127:Drivers/CMSIS/Include/cmsis_gcc.h ****            Can only be executed in Privileged modes.
 128:Drivers/CMSIS/Include/cmsis_gcc.h ****  */
 129:Drivers/CMSIS/Include/cmsis_gcc.h **** __STATIC_FORCEINLINE void __enable_irq(void)
 130:Drivers/CMSIS/Include/cmsis_gcc.h **** {
 131:Drivers/CMSIS/Include/cmsis_gcc.h ****   __ASM volatile ("cpsie i" : : : "memory");
 132:Drivers/CMSIS/Include/cmsis_gcc.h **** }
 133:Drivers/CMSIS/Include/cmsis_gcc.h **** 
 134:Drivers/CMSIS/Include/cmsis_gcc.h **** 
 135:Drivers/CMSIS/Include/cmsis_gcc.h **** /**
ARM GAS  /tmp/ccoMjZX6.s 			page 10


 136:Drivers/CMSIS/Include/cmsis_gcc.h ****   \brief   Disable IRQ Interrupts
 137:Drivers/CMSIS/Include/cmsis_gcc.h ****   \details Disables IRQ interrupts by setting the I-bit in the CPSR.
 138:Drivers/CMSIS/Include/cmsis_gcc.h ****            Can only be executed in Privileged modes.
 139:Drivers/CMSIS/Include/cmsis_gcc.h ****  */
 140:Drivers/CMSIS/Include/cmsis_gcc.h **** __STATIC_FORCEINLINE void __disable_irq(void)
 188              		.loc 2 140 27 view .LVU47
 189              	.LBB9:
 141:Drivers/CMSIS/Include/cmsis_gcc.h **** {
 142:Drivers/CMSIS/Include/cmsis_gcc.h ****   __ASM volatile ("cpsid i" : : : "memory");
 190              		.loc 2 142 3 view .LVU48
 191              		.syntax unified
 192              	@ 142 "Drivers/CMSIS/Include/cmsis_gcc.h" 1
 193 0000 72B6     		cpsid i
 194              	@ 0 "" 2
 195              		.thumb
 196              		.syntax unified
 197              	.L6:
 198              	.LBE9:
 199              	.LBE8:
 195:Src/main.c    ****   while (1)
 200              		.loc 1 195 3 discriminator 1 view .LVU49
 196:Src/main.c    ****   {
 197:Src/main.c    ****   }
 201              		.loc 1 197 3 discriminator 1 view .LVU50
 195:Src/main.c    ****   while (1)
 202              		.loc 1 195 9 discriminator 1 view .LVU51
 203 0002 FEE7     		b	.L6
 204              		.cfi_endproc
 205              	.LFE133:
 207              		.section	.text.SystemClock_Config,"ax",%progbits
 208              		.align	1
 209              		.global	SystemClock_Config
 210              		.syntax unified
 211              		.thumb
 212              		.thumb_func
 214              	SystemClock_Config:
 215              	.LFB131:
 109:Src/main.c    ****   RCC_OscInitTypeDef RCC_OscInitStruct = {0};
 216              		.loc 1 109 1 view -0
 217              		.cfi_startproc
 218              		@ args = 0, pretend = 0, frame = 80
 219              		@ frame_needed = 0, uses_anonymous_args = 0
 220 0000 00B5     		push	{lr}
 221              	.LCFI3:
 222              		.cfi_def_cfa_offset 4
 223              		.cfi_offset 14, -4
 224 0002 95B0     		sub	sp, sp, #84
 225              	.LCFI4:
 226              		.cfi_def_cfa_offset 88
 110:Src/main.c    ****   RCC_ClkInitTypeDef RCC_ClkInitStruct = {0};
 227              		.loc 1 110 3 view .LVU53
 110:Src/main.c    ****   RCC_ClkInitTypeDef RCC_ClkInitStruct = {0};
 228              		.loc 1 110 22 is_stmt 0 view .LVU54
 229 0004 3022     		movs	r2, #48
 230 0006 0021     		movs	r1, #0
 231 0008 08A8     		add	r0, sp, #32
 232 000a FFF7FEFF 		bl	memset
ARM GAS  /tmp/ccoMjZX6.s 			page 11


 233              	.LVL3:
 111:Src/main.c    **** 
 234              		.loc 1 111 3 is_stmt 1 view .LVU55
 111:Src/main.c    **** 
 235              		.loc 1 111 22 is_stmt 0 view .LVU56
 236 000e 0023     		movs	r3, #0
 237 0010 0393     		str	r3, [sp, #12]
 238 0012 0493     		str	r3, [sp, #16]
 239 0014 0593     		str	r3, [sp, #20]
 240 0016 0693     		str	r3, [sp, #24]
 241 0018 0793     		str	r3, [sp, #28]
 115:Src/main.c    ****   __HAL_PWR_VOLTAGESCALING_CONFIG(PWR_REGULATOR_VOLTAGE_SCALE1);
 242              		.loc 1 115 3 is_stmt 1 view .LVU57
 243              	.LBB10:
 115:Src/main.c    ****   __HAL_PWR_VOLTAGESCALING_CONFIG(PWR_REGULATOR_VOLTAGE_SCALE1);
 244              		.loc 1 115 3 view .LVU58
 245 001a 0193     		str	r3, [sp, #4]
 115:Src/main.c    ****   __HAL_PWR_VOLTAGESCALING_CONFIG(PWR_REGULATOR_VOLTAGE_SCALE1);
 246              		.loc 1 115 3 view .LVU59
 247 001c 204A     		ldr	r2, .L13
 248 001e 116C     		ldr	r1, [r2, #64]
 249 0020 41F08051 		orr	r1, r1, #268435456
 250 0024 1164     		str	r1, [r2, #64]
 115:Src/main.c    ****   __HAL_PWR_VOLTAGESCALING_CONFIG(PWR_REGULATOR_VOLTAGE_SCALE1);
 251              		.loc 1 115 3 view .LVU60
 252 0026 126C     		ldr	r2, [r2, #64]
 253 0028 02F08052 		and	r2, r2, #268435456
 254 002c 0192     		str	r2, [sp, #4]
 115:Src/main.c    ****   __HAL_PWR_VOLTAGESCALING_CONFIG(PWR_REGULATOR_VOLTAGE_SCALE1);
 255              		.loc 1 115 3 view .LVU61
 256 002e 019A     		ldr	r2, [sp, #4]
 257              	.LBE10:
 115:Src/main.c    ****   __HAL_PWR_VOLTAGESCALING_CONFIG(PWR_REGULATOR_VOLTAGE_SCALE1);
 258              		.loc 1 115 3 view .LVU62
 116:Src/main.c    **** 
 259              		.loc 1 116 3 view .LVU63
 260              	.LBB11:
 116:Src/main.c    **** 
 261              		.loc 1 116 3 view .LVU64
 262 0030 0293     		str	r3, [sp, #8]
 116:Src/main.c    **** 
 263              		.loc 1 116 3 view .LVU65
 264 0032 1C4B     		ldr	r3, .L13+4
 265 0034 1A68     		ldr	r2, [r3]
 266 0036 42F48042 		orr	r2, r2, #16384
 267 003a 1A60     		str	r2, [r3]
 116:Src/main.c    **** 
 268              		.loc 1 116 3 view .LVU66
 269 003c 1B68     		ldr	r3, [r3]
 270 003e 03F48043 		and	r3, r3, #16384
 271 0042 0293     		str	r3, [sp, #8]
 116:Src/main.c    **** 
 272              		.loc 1 116 3 view .LVU67
 273 0044 029B     		ldr	r3, [sp, #8]
 274              	.LBE11:
 116:Src/main.c    **** 
 275              		.loc 1 116 3 view .LVU68
ARM GAS  /tmp/ccoMjZX6.s 			page 12


 121:Src/main.c    ****   RCC_OscInitStruct.HSEState = RCC_HSE_ON;
 276              		.loc 1 121 3 view .LVU69
 121:Src/main.c    ****   RCC_OscInitStruct.HSEState = RCC_HSE_ON;
 277              		.loc 1 121 36 is_stmt 0 view .LVU70
 278 0046 0123     		movs	r3, #1
 279 0048 0893     		str	r3, [sp, #32]
 122:Src/main.c    ****   RCC_OscInitStruct.PLL.PLLState = RCC_PLL_ON;
 280              		.loc 1 122 3 is_stmt 1 view .LVU71
 122:Src/main.c    ****   RCC_OscInitStruct.PLL.PLLState = RCC_PLL_ON;
 281              		.loc 1 122 30 is_stmt 0 view .LVU72
 282 004a 4FF48033 		mov	r3, #65536
 283 004e 0993     		str	r3, [sp, #36]
 123:Src/main.c    ****   RCC_OscInitStruct.PLL.PLLSource = RCC_PLLSOURCE_HSE;
 284              		.loc 1 123 3 is_stmt 1 view .LVU73
 123:Src/main.c    ****   RCC_OscInitStruct.PLL.PLLSource = RCC_PLLSOURCE_HSE;
 285              		.loc 1 123 34 is_stmt 0 view .LVU74
 286 0050 0222     		movs	r2, #2
 287 0052 0E92     		str	r2, [sp, #56]
 124:Src/main.c    ****   RCC_OscInitStruct.PLL.PLLM = 4;
 288              		.loc 1 124 3 is_stmt 1 view .LVU75
 124:Src/main.c    ****   RCC_OscInitStruct.PLL.PLLM = 4;
 289              		.loc 1 124 35 is_stmt 0 view .LVU76
 290 0054 4FF48003 		mov	r3, #4194304
 291 0058 0F93     		str	r3, [sp, #60]
 125:Src/main.c    ****   RCC_OscInitStruct.PLL.PLLN = 168;
 292              		.loc 1 125 3 is_stmt 1 view .LVU77
 125:Src/main.c    ****   RCC_OscInitStruct.PLL.PLLN = 168;
 293              		.loc 1 125 30 is_stmt 0 view .LVU78
 294 005a 0423     		movs	r3, #4
 295 005c 1093     		str	r3, [sp, #64]
 126:Src/main.c    ****   RCC_OscInitStruct.PLL.PLLP = RCC_PLLP_DIV2;
 296              		.loc 1 126 3 is_stmt 1 view .LVU79
 126:Src/main.c    ****   RCC_OscInitStruct.PLL.PLLP = RCC_PLLP_DIV2;
 297              		.loc 1 126 30 is_stmt 0 view .LVU80
 298 005e A821     		movs	r1, #168
 299 0060 1191     		str	r1, [sp, #68]
 127:Src/main.c    ****   RCC_OscInitStruct.PLL.PLLQ = 4;
 300              		.loc 1 127 3 is_stmt 1 view .LVU81
 127:Src/main.c    ****   RCC_OscInitStruct.PLL.PLLQ = 4;
 301              		.loc 1 127 30 is_stmt 0 view .LVU82
 302 0062 1292     		str	r2, [sp, #72]
 128:Src/main.c    ****   if (HAL_RCC_OscConfig(&RCC_OscInitStruct) != HAL_OK)
 303              		.loc 1 128 3 is_stmt 1 view .LVU83
 128:Src/main.c    ****   if (HAL_RCC_OscConfig(&RCC_OscInitStruct) != HAL_OK)
 304              		.loc 1 128 30 is_stmt 0 view .LVU84
 305 0064 1393     		str	r3, [sp, #76]
 129:Src/main.c    ****   {
 306              		.loc 1 129 3 is_stmt 1 view .LVU85
 129:Src/main.c    ****   {
 307              		.loc 1 129 7 is_stmt 0 view .LVU86
 308 0066 08A8     		add	r0, sp, #32
 309 0068 FFF7FEFF 		bl	HAL_RCC_OscConfig
 310              	.LVL4:
 129:Src/main.c    ****   {
 311              		.loc 1 129 6 view .LVU87
 312 006c 98B9     		cbnz	r0, .L11
 136:Src/main.c    ****                               |RCC_CLOCKTYPE_PCLK1|RCC_CLOCKTYPE_PCLK2;
ARM GAS  /tmp/ccoMjZX6.s 			page 13


 313              		.loc 1 136 3 is_stmt 1 view .LVU88
 136:Src/main.c    ****                               |RCC_CLOCKTYPE_PCLK1|RCC_CLOCKTYPE_PCLK2;
 314              		.loc 1 136 31 is_stmt 0 view .LVU89
 315 006e 0F23     		movs	r3, #15
 316 0070 0393     		str	r3, [sp, #12]
 138:Src/main.c    ****   RCC_ClkInitStruct.AHBCLKDivider = RCC_SYSCLK_DIV1;
 317              		.loc 1 138 3 is_stmt 1 view .LVU90
 138:Src/main.c    ****   RCC_ClkInitStruct.AHBCLKDivider = RCC_SYSCLK_DIV1;
 318              		.loc 1 138 34 is_stmt 0 view .LVU91
 319 0072 0223     		movs	r3, #2
 320 0074 0493     		str	r3, [sp, #16]
 139:Src/main.c    ****   RCC_ClkInitStruct.APB1CLKDivider = RCC_HCLK_DIV4;
 321              		.loc 1 139 3 is_stmt 1 view .LVU92
 139:Src/main.c    ****   RCC_ClkInitStruct.APB1CLKDivider = RCC_HCLK_DIV4;
 322              		.loc 1 139 35 is_stmt 0 view .LVU93
 323 0076 0023     		movs	r3, #0
 324 0078 0593     		str	r3, [sp, #20]
 140:Src/main.c    ****   RCC_ClkInitStruct.APB2CLKDivider = RCC_HCLK_DIV2;
 325              		.loc 1 140 3 is_stmt 1 view .LVU94
 140:Src/main.c    ****   RCC_ClkInitStruct.APB2CLKDivider = RCC_HCLK_DIV2;
 326              		.loc 1 140 36 is_stmt 0 view .LVU95
 327 007a 4FF4A053 		mov	r3, #5120
 328 007e 0693     		str	r3, [sp, #24]
 141:Src/main.c    **** 
 329              		.loc 1 141 3 is_stmt 1 view .LVU96
 141:Src/main.c    **** 
 330              		.loc 1 141 36 is_stmt 0 view .LVU97
 331 0080 4FF48053 		mov	r3, #4096
 332 0084 0793     		str	r3, [sp, #28]
 143:Src/main.c    ****   {
 333              		.loc 1 143 3 is_stmt 1 view .LVU98
 143:Src/main.c    ****   {
 334              		.loc 1 143 7 is_stmt 0 view .LVU99
 335 0086 0521     		movs	r1, #5
 336 0088 03A8     		add	r0, sp, #12
 337 008a FFF7FEFF 		bl	HAL_RCC_ClockConfig
 338              	.LVL5:
 143:Src/main.c    ****   {
 339              		.loc 1 143 6 view .LVU100
 340 008e 20B9     		cbnz	r0, .L12
 147:Src/main.c    **** 
 341              		.loc 1 147 1 view .LVU101
 342 0090 15B0     		add	sp, sp, #84
 343              	.LCFI5:
 344              		.cfi_remember_state
 345              		.cfi_def_cfa_offset 4
 346              		@ sp needed
 347 0092 5DF804FB 		ldr	pc, [sp], #4
 348              	.L11:
 349              	.LCFI6:
 350              		.cfi_restore_state
 131:Src/main.c    ****   }
 351              		.loc 1 131 5 is_stmt 1 view .LVU102
 352 0096 FFF7FEFF 		bl	Error_Handler
 353              	.LVL6:
 354              	.L12:
 145:Src/main.c    ****   }
ARM GAS  /tmp/ccoMjZX6.s 			page 14


 355              		.loc 1 145 5 view .LVU103
 356 009a FFF7FEFF 		bl	Error_Handler
 357              	.LVL7:
 358              	.L14:
 359 009e 00BF     		.align	2
 360              	.L13:
 361 00a0 00380240 		.word	1073887232
 362 00a4 00700040 		.word	1073770496
 363              		.cfi_endproc
 364              	.LFE131:
 366              		.section	.text.main,"ax",%progbits
 367              		.align	1
 368              		.global	main
 369              		.syntax unified
 370              		.thumb
 371              		.thumb_func
 373              	main:
 374              	.LFB130:
  64:Src/main.c    ****   /* USER CODE BEGIN 1 */
 375              		.loc 1 64 1 view -0
 376              		.cfi_startproc
 377              		@ Volatile: function does not return.
 378              		@ args = 0, pretend = 0, frame = 0
 379              		@ frame_needed = 0, uses_anonymous_args = 0
 380 0000 08B5     		push	{r3, lr}
 381              	.LCFI7:
 382              		.cfi_def_cfa_offset 8
 383              		.cfi_offset 3, -8
 384              		.cfi_offset 14, -4
  72:Src/main.c    **** 
 385              		.loc 1 72 3 view .LVU105
 386 0002 FFF7FEFF 		bl	HAL_Init
 387              	.LVL8:
  79:Src/main.c    **** 
 388              		.loc 1 79 3 view .LVU106
 389 0006 FFF7FEFF 		bl	SystemClock_Config
 390              	.LVL9:
  86:Src/main.c    ****   /* USER CODE BEGIN 2 */
 391              		.loc 1 86 3 view .LVU107
 392 000a FFF7FEFF 		bl	MX_GPIO_Init
 393              	.LVL10:
 394              	.L16:
  93:Src/main.c    ****   {
 395              		.loc 1 93 3 discriminator 1 view .LVU108
  98:Src/main.c    ****     HAL_Delay(1000);
 396              		.loc 1 98 5 discriminator 1 view .LVU109
 397 000e 0221     		movs	r1, #2
 398 0010 0348     		ldr	r0, .L18
 399 0012 FFF7FEFF 		bl	HAL_GPIO_TogglePin
 400              	.LVL11:
  99:Src/main.c    ****   }
 401              		.loc 1 99 5 discriminator 1 view .LVU110
 402 0016 4FF47A70 		mov	r0, #1000
 403 001a FFF7FEFF 		bl	HAL_Delay
 404              	.LVL12:
  93:Src/main.c    ****   {
 405              		.loc 1 93 9 discriminator 1 view .LVU111
ARM GAS  /tmp/ccoMjZX6.s 			page 15


 406 001e F6E7     		b	.L16
 407              	.L19:
 408              		.align	2
 409              	.L18:
 410 0020 00000240 		.word	1073872896
 411              		.cfi_endproc
 412              	.LFE130:
 414              		.text
 415              	.Letext0:
 416              		.file 3 "/home/daniev/.local/arm-none-eabi/include/machine/_default_types.h"
 417              		.file 4 "/home/daniev/.local/arm-none-eabi/include/sys/_stdint.h"
 418              		.file 5 "Drivers/CMSIS/Device/ST/STM32F4xx/Include/stm32f407xx.h"
 419              		.file 6 "Drivers/STM32F4xx_HAL_Driver/Inc/stm32f4xx_hal_rcc_ex.h"
 420              		.file 7 "Drivers/STM32F4xx_HAL_Driver/Inc/stm32f4xx_hal_rcc.h"
 421              		.file 8 "Drivers/STM32F4xx_HAL_Driver/Inc/stm32f4xx_hal_gpio.h"
 422              		.file 9 "Drivers/STM32F4xx_HAL_Driver/Inc/stm32f4xx_hal_def.h"
 423              		.file 10 "Drivers/STM32F4xx_HAL_Driver/Inc/stm32f4xx_hal.h"
 424              		.file 11 "<built-in>"
ARM GAS  /tmp/ccoMjZX6.s 			page 16


DEFINED SYMBOLS
                            *ABS*:0000000000000000 main.c
     /tmp/ccoMjZX6.s:20     .text.MX_GPIO_Init:0000000000000000 $t
     /tmp/ccoMjZX6.s:25     .text.MX_GPIO_Init:0000000000000000 MX_GPIO_Init
     /tmp/ccoMjZX6.s:164    .text.MX_GPIO_Init:0000000000000094 $d
     /tmp/ccoMjZX6.s:170    .text.Error_Handler:0000000000000000 $t
     /tmp/ccoMjZX6.s:176    .text.Error_Handler:0000000000000000 Error_Handler
     /tmp/ccoMjZX6.s:208    .text.SystemClock_Config:0000000000000000 $t
     /tmp/ccoMjZX6.s:214    .text.SystemClock_Config:0000000000000000 SystemClock_Config
     /tmp/ccoMjZX6.s:361    .text.SystemClock_Config:00000000000000a0 $d
     /tmp/ccoMjZX6.s:367    .text.main:0000000000000000 $t
     /tmp/ccoMjZX6.s:373    .text.main:0000000000000000 main
     /tmp/ccoMjZX6.s:410    .text.main:0000000000000020 $d

UNDEFINED SYMBOLS
HAL_GPIO_WritePin
HAL_GPIO_Init
memset
HAL_RCC_OscConfig
HAL_RCC_ClockConfig
HAL_Init
HAL_GPIO_TogglePin
HAL_Delay
